#
# There is insufficient memory for the Java Runtime Environment to continue.
# Native memory allocation (malloc) failed to allocate 1500496 bytes for Chunk::new
# Possible reasons:
#   The system is out of physical RAM or swap space
#   The process is running with CompressedOops enabled, and the Java Heap may be blocking the growth of the native heap
# Possible solutions:
#   Reduce memory load on the system
#   Increase physical memory or swap space
#   Check if swap backing store is full
#   Decrease Java heap size (-Xmx/-Xms)
#   Decrease number of Java threads
#   Decrease Java thread stack sizes (-Xss)
#   Set larger code cache with -XX:ReservedCodeCacheSize=
#   JVM is running with Unscaled Compressed Oops mode in which the Java heap is
#     placed in the first 4GB address space. The Java Heap base address is the
#     maximum limit for the native heap growth. Please use -XX:HeapBaseMinAddress
#     to set the Java Heap base and to place the Java Heap above 4GB virtual address.
# This output file may be truncated or incomplete.
#
#  Out of Memory Error (./open/src/hotspot/share/memory/arena.cpp:197), pid=22152, tid=1756
#
# JRE version: Java(TM) SE Runtime Environment 18.9 (11.0.17+10) (build 11.0.17+10-LTS-269)
# Java VM: Java HotSpot(TM) 64-Bit Server VM 18.9 (11.0.17+10-LTS-269, mixed mode, tiered, compressed oops, g1 gc, windows-amd64)
# No core dump will be written. Minidumps are not enabled by default on client versions of Windows
#

---------------  S U M M A R Y ------------

Command Line: -javaagent:C:\Users\USER\Desktop\IntelliJ IDEA Community Edition 2022.2.3\lib\idea_rt.jar=53183:C:\Users\USER\Desktop\IntelliJ IDEA Community Edition 2022.2.3\bin -Dfile.encoding=UTF-8 com.Binusa.BawasluServer.BawasluApplication

Host: Intel(R) Core(TM) i3-1005G1 CPU @ 1.20GHz, 4 cores, 3G,  Windows 11 , 64 bit Build 22621 (10.0.22621.2506)
Time: Sat Jan 20 08:42:57 2024 SE Asia Standard Time elapsed time: 6.696828 seconds (0d 0h 0m 6s)

---------------  T H R E A D  ---------------

Current thread (0x00000193feebe000):  JavaThread "C2 CompilerThread0" daemon [_thread_in_native, id=1756, stack(0x0000002881900000,0x0000002881a00000)]


Current CompileTask:
C2:   6696 2971       4       org.springframework.asm.ClassReader::readMethod (1055 bytes)

Stack: [0x0000002881900000,0x0000002881a00000]
Native frames: (J=compiled Java code, j=interpreted, Vv=VM code, C=native code)
V  [jvm.dll+0x62b5da]
V  [jvm.dll+0x7653df]
V  [jvm.dll+0x766a89]
V  [jvm.dll+0x767113]
V  [jvm.dll+0x23dd28]
V  [jvm.dll+0xb2a1c]
V  [jvm.dll+0xb2fdc]
V  [jvm.dll+0x341597]
V  [jvm.dll+0x18cc59]
V  [jvm.dll+0x1f8815]
V  [jvm.dll+0x1f78fd]
V  [jvm.dll+0x177c91]
V  [jvm.dll+0x207296]
V  [jvm.dll+0x20542b]
V  [jvm.dll+0x72b2c0]
V  [jvm.dll+0x723e64]
V  [jvm.dll+0x62a485]
C  [ucrtbase.dll+0x29363]
C  [KERNEL32.DLL+0x1257d]
C  [ntdll.dll+0x5aa58]


---------------  P R O C E S S  ---------------

Threads class SMR info:
_java_thread_list=0x0000019399855210, length=11, elements={
0x00000193fc626800, 0x00000193fee5d000, 0x00000193fee67000, 0x00000193feeb7800,
0x00000193feebb800, 0x00000193feebc800, 0x00000193feebe000, 0x00000193feecf800,
0x00000193feed4000, 0x00000193fee04000, 0x0000019398b90800
}

Java Threads: ( => current thread )
  0x00000193fc626800 JavaThread "main" [_thread_in_Java, id=13868, stack(0x0000002880d00000,0x0000002880e00000)]
  0x00000193fee5d000 JavaThread "Reference Handler" daemon [_thread_blocked, id=2892, stack(0x0000002881400000,0x0000002881500000)]
  0x00000193fee67000 JavaThread "Finalizer" daemon [_thread_blocked, id=25476, stack(0x0000002881500000,0x0000002881600000)]
  0x00000193feeb7800 JavaThread "Signal Dispatcher" daemon [_thread_blocked, id=17208, stack(0x0000002881600000,0x0000002881700000)]
  0x00000193feebb800 JavaThread "Attach Listener" daemon [_thread_blocked, id=17356, stack(0x0000002881700000,0x0000002881800000)]
  0x00000193feebc800 JavaThread "Service Thread" daemon [_thread_blocked, id=23400, stack(0x0000002881800000,0x0000002881900000)]
=>0x00000193feebe000 JavaThread "C2 CompilerThread0" daemon [_thread_in_native, id=1756, stack(0x0000002881900000,0x0000002881a00000)]
  0x00000193feecf800 JavaThread "C1 CompilerThread0" daemon [_thread_blocked, id=15572, stack(0x0000002881a00000,0x0000002881b00000)]
  0x00000193feed4000 JavaThread "Sweeper thread" daemon [_thread_blocked, id=20876, stack(0x0000002881b00000,0x0000002881c00000)]
  0x00000193fee04000 JavaThread "Common-Cleaner" daemon [_thread_blocked, id=21496, stack(0x0000002881c00000,0x0000002881d00000)]
  0x0000019398b90800 JavaThread "Monitor Ctrl-Break" daemon [_thread_in_native, id=21972, stack(0x0000002881d00000,0x0000002881e00000)]

Other Threads:
  0x00000193fee38800 VMThread "VM Thread" [stack: 0x0000002881300000,0x0000002881400000] [id=8208]
  0x0000019398b96800 WatcherThread [stack: 0x0000002881e00000,0x0000002881f00000] [id=2096]
  0x00000193fc63b800 GCTaskThread "GC Thread#0" [stack: 0x0000002880e00000,0x0000002880f00000] [id=16876]
  0x0000019398cf5800 GCTaskThread "GC Thread#1" [stack: 0x0000002881f00000,0x0000002882000000] [id=25200]
  0x000001939953f800 GCTaskThread "GC Thread#2" [stack: 0x0000002882100000,0x0000002882200000] [id=20672]
  0x00000193994e0000 GCTaskThread "GC Thread#3" [stack: 0x0000002882200000,0x0000002882300000] [id=7628]
  0x00000193fc655000 ConcurrentGCThread "G1 Main Marker" [stack: 0x0000002880f00000,0x0000002881000000] [id=24176]
  0x00000193fc657800 ConcurrentGCThread "G1 Conc#0" [stack: 0x0000002881000000,0x0000002881100000] [id=22540]
  0x00000193fc6a2800 ConcurrentGCThread "G1 Refine#0" [stack: 0x0000002881100000,0x0000002881200000] [id=12536]
  0x00000193fc6a4800 ConcurrentGCThread "G1 Young RemSet Sampling" [stack: 0x0000002881200000,0x0000002881300000] [id=21448]

Threads with active compile tasks:
C2 CompilerThread0     6739 2971       4       org.springframework.asm.ClassReader::readMethod (1055 bytes)

VM state:not at safepoint (normal execution)

VM Mutex/Monitor currently owned by a thread: None

Heap address: 0x00000000c4000000, size: 960 MB, Compressed Oops mode: 32-bit
Narrow klass base: 0x0000000000000000, Narrow klass shift: 3
Compressed class space size: 1073741824 Address: 0x0000000100000000

Heap:
 garbage-first heap   total 61440K, used 36639K [0x00000000c4000000, 0x0000000100000000)
  region size 1024K, 25 young (25600K), 2 survivors (2048K)
 Metaspace       used 27577K, capacity 28243K, committed 28544K, reserved 1075200K
  class space    used 3079K, capacity 3338K, committed 3456K, reserved 1048576K
Heap Regions: E=young(eden), S=young(survivor), O=old, HS=humongous(starts), HC=humongous(continues), CS=collection set, F=free, A=archive, TAMS=top-at-mark-start (previous, next)
|   0|0x00000000c4000000, 0x00000000c4100000, 0x00000000c4100000|100%|HS|  |TAMS 0x00000000c4100000, 0x00000000c4000000| Complete 
|   1|0x00000000c4100000, 0x00000000c4200000, 0x00000000c4200000|100%| O|  |TAMS 0x00000000c4200000, 0x00000000c4100000| Untracked 
|   2|0x00000000c4200000, 0x00000000c4300000, 0x00000000c4300000|100%| O|  |TAMS 0x00000000c4300000, 0x00000000c4200000| Untracked 
|   3|0x00000000c4300000, 0x00000000c4400000, 0x00000000c4400000|100%| O|  |TAMS 0x00000000c4400000, 0x00000000c4300000| Untracked 
|   4|0x00000000c4400000, 0x00000000c4500000, 0x00000000c4500000|100%| O|  |TAMS 0x00000000c4500000, 0x00000000c4400000| Untracked 
|   5|0x00000000c4500000, 0x00000000c4600000, 0x00000000c4600000|100%| O|  |TAMS 0x00000000c4600000, 0x00000000c4500000| Untracked 
|   6|0x00000000c4600000, 0x00000000c4700000, 0x00000000c4700000|100%| O|  |TAMS 0x00000000c4700000, 0x00000000c4600000| Untracked 
|   7|0x00000000c4700000, 0x00000000c4800000, 0x00000000c4800000|100%| O|  |TAMS 0x00000000c4800000, 0x00000000c4700000| Untracked 
|   8|0x00000000c4800000, 0x00000000c4900000, 0x00000000c4900000|100%| O|  |TAMS 0x00000000c4842600, 0x00000000c4800000| Untracked 
|   9|0x00000000c4900000, 0x00000000c4a00000, 0x00000000c4a00000|100%| O|  |TAMS 0x00000000c4900000, 0x00000000c4900000| Untracked 
|  10|0x00000000c4a00000, 0x00000000c4b00000, 0x00000000c4b00000|100%| O|  |TAMS 0x00000000c4a00000, 0x00000000c4a00000| Untracked 
|  11|0x00000000c4b00000, 0x00000000c4bee800, 0x00000000c4c00000| 93%| O|  |TAMS 0x00000000c4b00000, 0x00000000c4b00000| Untracked 
|  12|0x00000000c4c00000, 0x00000000c4c00000, 0x00000000c4d00000|  0%| F|  |TAMS 0x00000000c4c00000, 0x00000000c4c00000| Untracked 
|  13|0x00000000c4d00000, 0x00000000c4d00000, 0x00000000c4e00000|  0%| F|  |TAMS 0x00000000c4d00000, 0x00000000c4d00000| Untracked 
|  14|0x00000000c4e00000, 0x00000000c4e00000, 0x00000000c4f00000|  0%| F|  |TAMS 0x00000000c4e00000, 0x00000000c4e00000| Untracked 
|  15|0x00000000c4f00000, 0x00000000c4f00000, 0x00000000c5000000|  0%| F|  |TAMS 0x00000000c4f00000, 0x00000000c4f00000| Untracked 
|  16|0x00000000c5000000, 0x00000000c5000000, 0x00000000c5100000|  0%| F|  |TAMS 0x00000000c5000000, 0x00000000c5000000| Untracked 
|  17|0x00000000c5100000, 0x00000000c5100000, 0x00000000c5200000|  0%| F|  |TAMS 0x00000000c5100000, 0x00000000c5100000| Untracked 
|  18|0x00000000c5200000, 0x00000000c5200000, 0x00000000c5300000|  0%| F|  |TAMS 0x00000000c5200000, 0x00000000c5200000| Untracked 
|  19|0x00000000c5300000, 0x00000000c5300000, 0x00000000c5400000|  0%| F|  |TAMS 0x00000000c5300000, 0x00000000c5300000| Untracked 
|  20|0x00000000c5400000, 0x00000000c5400000, 0x00000000c5500000|  0%| F|  |TAMS 0x00000000c5400000, 0x00000000c5400000| Untracked 
|  21|0x00000000c5500000, 0x00000000c5500000, 0x00000000c5600000|  0%| F|  |TAMS 0x00000000c5500000, 0x00000000c5500000| Untracked 
|  22|0x00000000c5600000, 0x00000000c5600000, 0x00000000c5700000|  0%| F|  |TAMS 0x00000000c5600000, 0x00000000c5600000| Untracked 
|  23|0x00000000c5700000, 0x00000000c5700000, 0x00000000c5800000|  0%| F|  |TAMS 0x00000000c5700000, 0x00000000c5700000| Untracked 
|  24|0x00000000c5800000, 0x00000000c5800000, 0x00000000c5900000|  0%| F|  |TAMS 0x00000000c5800000, 0x00000000c5800000| Untracked 
|  25|0x00000000c5900000, 0x00000000c5900000, 0x00000000c5a00000|  0%| F|  |TAMS 0x00000000c5900000, 0x00000000c5900000| Untracked 
|  26|0x00000000c5a00000, 0x00000000c5a00000, 0x00000000c5b00000|  0%| F|  |TAMS 0x00000000c5a00000, 0x00000000c5a00000| Untracked 
|  27|0x00000000c5b00000, 0x00000000c5b00000, 0x00000000c5c00000|  0%| F|  |TAMS 0x00000000c5b00000, 0x00000000c5b00000| Untracked 
|  28|0x00000000c5c00000, 0x00000000c5c00000, 0x00000000c5d00000|  0%| F|  |TAMS 0x00000000c5c00000, 0x00000000c5c00000| Untracked 
|  29|0x00000000c5d00000, 0x00000000c5d00000, 0x00000000c5e00000|  0%| F|  |TAMS 0x00000000c5d00000, 0x00000000c5d00000| Untracked 
|  30|0x00000000c5e00000, 0x00000000c5e00000, 0x00000000c5f00000|  0%| F|  |TAMS 0x00000000c5e00000, 0x00000000c5e00000| Untracked 
|  31|0x00000000c5f00000, 0x00000000c5f00000, 0x00000000c6000000|  0%| F|  |TAMS 0x00000000c5f00000, 0x00000000c5f00000| Untracked 
|  32|0x00000000c6000000, 0x00000000c6000000, 0x00000000c6100000|  0%| F|  |TAMS 0x00000000c6000000, 0x00000000c6000000| Untracked 
|  33|0x00000000c6100000, 0x00000000c6100000, 0x00000000c6200000|  0%| F|  |TAMS 0x00000000c6100000, 0x00000000c6100000| Untracked 
|  34|0x00000000c6200000, 0x00000000c6200000, 0x00000000c6300000|  0%| F|  |TAMS 0x00000000c6200000, 0x00000000c6200000| Untracked 
|  35|0x00000000c6300000, 0x00000000c63d97a8, 0x00000000c6400000| 84%| S|CS|TAMS 0x00000000c6300000, 0x00000000c6300000| Complete 
|  36|0x00000000c6400000, 0x00000000c64d11e8, 0x00000000c6500000| 81%| E|  |TAMS 0x00000000c6400000, 0x00000000c6400000| Complete 
|  37|0x00000000c6500000, 0x00000000c6600000, 0x00000000c6600000|100%| S|CS|TAMS 0x00000000c6500000, 0x00000000c6500000| Complete 
|  38|0x00000000c6600000, 0x00000000c6700000, 0x00000000c6700000|100%| E|CS|TAMS 0x00000000c6600000, 0x00000000c6600000| Complete 
|  39|0x00000000c6700000, 0x00000000c6800000, 0x00000000c6800000|100%| E|CS|TAMS 0x00000000c6700000, 0x00000000c6700000| Complete 
|  40|0x00000000c6800000, 0x00000000c6900000, 0x00000000c6900000|100%| E|CS|TAMS 0x00000000c6800000, 0x00000000c6800000| Complete 
|  41|0x00000000c6900000, 0x00000000c6a00000, 0x00000000c6a00000|100%| E|CS|TAMS 0x00000000c6900000, 0x00000000c6900000| Complete 
|  42|0x00000000c6a00000, 0x00000000c6b00000, 0x00000000c6b00000|100%| E|CS|TAMS 0x00000000c6a00000, 0x00000000c6a00000| Complete 
|  43|0x00000000c6b00000, 0x00000000c6c00000, 0x00000000c6c00000|100%| E|CS|TAMS 0x00000000c6b00000, 0x00000000c6b00000| Complete 
|  44|0x00000000c6c00000, 0x00000000c6d00000, 0x00000000c6d00000|100%| E|CS|TAMS 0x00000000c6c00000, 0x00000000c6c00000| Complete 
|  45|0x00000000c6d00000, 0x00000000c6e00000, 0x00000000c6e00000|100%| E|CS|TAMS 0x00000000c6d00000, 0x00000000c6d00000| Complete 
|  46|0x00000000c6e00000, 0x00000000c6f00000, 0x00000000c6f00000|100%| E|CS|TAMS 0x00000000c6e00000, 0x00000000c6e00000| Complete 
|  47|0x00000000c6f00000, 0x00000000c7000000, 0x00000000c7000000|100%| E|CS|TAMS 0x00000000c6f00000, 0x00000000c6f00000| Complete 
|  48|0x00000000c7000000, 0x00000000c7100000, 0x00000000c7100000|100%| E|CS|TAMS 0x00000000c7000000, 0x00000000c7000000| Complete 
|  49|0x00000000c7100000, 0x00000000c7200000, 0x00000000c7200000|100%| E|CS|TAMS 0x00000000c7100000, 0x00000000c7100000| Complete 
|  50|0x00000000c7200000, 0x00000000c7300000, 0x00000000c7300000|100%| E|CS|TAMS 0x00000000c7200000, 0x00000000c7200000| Complete 
|  51|0x00000000c7300000, 0x00000000c7400000, 0x00000000c7400000|100%| E|CS|TAMS 0x00000000c7300000, 0x00000000c7300000| Complete 
|  52|0x00000000c7400000, 0x00000000c7500000, 0x00000000c7500000|100%| E|CS|TAMS 0x00000000c7400000, 0x00000000c7400000| Complete 
|  53|0x00000000c7500000, 0x00000000c7600000, 0x00000000c7600000|100%| E|CS|TAMS 0x00000000c7500000, 0x00000000c7500000| Complete 
|  54|0x00000000c7600000, 0x00000000c7700000, 0x00000000c7700000|100%| E|CS|TAMS 0x00000000c7600000, 0x00000000c7600000| Complete 
|  55|0x00000000c7700000, 0x00000000c7800000, 0x00000000c7800000|100%| E|CS|TAMS 0x00000000c7700000, 0x00000000c7700000| Complete 
|  56|0x00000000c7800000, 0x00000000c7900000, 0x00000000c7900000|100%| E|CS|TAMS 0x00000000c7800000, 0x00000000c7800000| Complete 
|  57|0x00000000c7900000, 0x00000000c7a00000, 0x00000000c7a00000|100%| E|CS|TAMS 0x00000000c7900000, 0x00000000c7900000| Complete 
|  58|0x00000000c7a00000, 0x00000000c7b00000, 0x00000000c7b00000|100%| E|CS|TAMS 0x00000000c7a00000, 0x00000000c7a00000| Complete 
|  59|0x00000000c7b00000, 0x00000000c7c00000, 0x00000000c7c00000|100%| E|CS|TAMS 0x00000000c7b00000, 0x00000000c7b00000| Complete 

Card table byte_map: [0x00000193fc6e0000,0x00000193fc8c0000] _byte_map_base: 0x00000193fc0c0000

Marking Bits (Prev, Next): (CMBitMap*) 0x00000193fc6505a0, (CMBitMap*) 0x00000193fc650568
 Prev Bits: [0x00000193fd9a0000, 0x00000193fe8a0000)
 Next Bits: [0x00000193fcaa0000, 0x00000193fd9a0000)

Polling page: 0x00000193fa5d0000

Metaspace:

Usage:
  Non-class:     24.38 MB capacity,    23.94 MB ( 98%) used,   381.80 KB (  2%) free+waste,    75.75 KB ( <1%) overhead. 
      Class:      3.26 MB capacity,     3.01 MB ( 92%) used,   220.81 KB (  7%) free+waste,    36.69 KB (  1%) overhead. 
       Both:     27.64 MB capacity,    26.95 MB ( 97%) used,   602.62 KB (  2%) free+waste,   112.44 KB ( <1%) overhead. 

Virtual space:
  Non-class space:       26.00 MB reserved,      24.50 MB ( 94%) committed 
      Class space:        1.00 GB reserved,       3.38 MB ( <1%) committed 
             Both:        1.03 GB reserved,      27.88 MB (  3%) committed 

Chunk freelists:
   Non-Class:  6.75 KB
       Class:  2.75 KB
        Both:  9.50 KB

CodeHeap 'non-profiled nmethods': size=120064Kb used=1244Kb max_used=1244Kb free=118819Kb
 bounds [0x000001938f0b0000, 0x000001938f320000, 0x00000193965f0000]
CodeHeap 'profiled nmethods': size=120000Kb used=6672Kb max_used=6672Kb free=113327Kb
 bounds [0x0000019387b80000, 0x0000019388210000, 0x000001938f0b0000]
CodeHeap 'non-nmethods': size=5696Kb used=1133Kb max_used=1161Kb free=4562Kb
 bounds [0x00000193875f0000, 0x0000019387860000, 0x0000019387b80000]
 total_blobs=3472 nmethods=3034 adapters=348
 compilation: enabled
              stopped_count=0, restarted_count=0
 full_count=0

Compilation events (10 events):
Event: 6.675 Thread 0x00000193feecf800 3024       3       jdk.internal.reflect.ClassFileAssembler::incStack (11 bytes)
Event: 6.675 Thread 0x00000193feecf800 nmethod 3024 0x00000193881f4c10 code [0x00000193881f4da0, 0x00000193881f4f58]
Event: 6.679 Thread 0x00000193feecf800 3025       3       java.util.LinkedHashMap$LinkedValues::size (8 bytes)
Event: 6.679 Thread 0x00000193feecf800 nmethod 3025 0x00000193881f5010 code [0x00000193881f51a0, 0x00000193881f52b8]
Event: 6.686 Thread 0x00000193feecf800 3026       3       org.springframework.core.annotation.TypeMappedAnnotation$$Lambda$45/0x000000010010a040::extract (6 bytes)
Event: 6.687 Thread 0x00000193feecf800 nmethod 3026 0x00000193881f5390 code [0x00000193881f55c0, 0x00000193881f5c58]
Event: 6.688 Thread 0x00000193feecf800 3027       3       org.springframework.util.ReflectionUtils::lambda$getUniqueDeclaredMethods$2 (149 bytes)
Event: 6.691 Thread 0x00000193feecf800 nmethod 3027 0x00000193881f5f90 code [0x00000193881f6240, 0x00000193881f7108]
Event: 6.691 Thread 0x00000193feecf800 3028       3       java.lang.reflect.ProxyGenerator::codeClassForName (41 bytes)
Event: 6.692 Thread 0x00000193feecf800 nmethod 3028 0x00000193881f7590 code [0x00000193881f7900, 0x00000193881f8cd8]

GC Heap History (10 events):
Event: 3.823 GC heap before
{Heap before GC invocations=4 (full 0):
 garbage-first heap   total 61440K, used 13577K [0x00000000c4000000, 0x0000000100000000)
  region size 1024K, 6 young (6144K), 2 survivors (2048K)
 Metaspace       used 20617K, capacity 21099K, committed 21248K, reserved 1069056K
  class space    used 2246K, capacity 2455K, committed 2560K, reserved 1048576K
}
Event: 3.829 GC heap after
{Heap after GC invocations=5 (full 0):
 garbage-first heap   total 61440K, used 10785K [0x00000000c4000000, 0x0000000100000000)
  region size 1024K, 3 young (3072K), 3 survivors (3072K)
 Metaspace       used 20617K, capacity 21099K, committed 21248K, reserved 1069056K
  class space    used 2246K, capacity 2455K, committed 2560K, reserved 1048576K
}
Event: 4.285 GC heap before
{Heap before GC invocations=6 (full 0):
 garbage-first heap   total 61440K, used 29217K [0x00000000c4000000, 0x0000000100000000)
  region size 1024K, 22 young (22528K), 3 survivors (3072K)
 Metaspace       used 23383K, capacity 23975K, committed 24192K, reserved 1071104K
  class space    used 2614K, capacity 2841K, committed 2944K, reserved 1048576K
}
Event: 4.289 GC heap after
{Heap after GC invocations=7 (full 0):
 garbage-first heap   total 61440K, used 11473K [0x00000000c4000000, 0x0000000100000000)
  region size 1024K, 2 young (2048K), 2 survivors (2048K)
 Metaspace       used 23383K, capacity 23975K, committed 24192K, reserved 1071104K
  class space    used 2614K, capacity 2841K, committed 2944K, reserved 1048576K
}
Event: 5.018 GC heap before
{Heap before GC invocations=7 (full 0):
 garbage-first heap   total 61440K, used 32977K [0x00000000c4000000, 0x0000000100000000)
  region size 1024K, 23 young (23552K), 2 survivors (2048K)
 Metaspace       used 23952K, capacity 24560K, committed 24704K, reserved 1071104K
  class space    used 2658K, capacity 2884K, committed 2944K, reserved 1048576K
}
Event: 5.023 GC heap after
{Heap after GC invocations=8 (full 0):
 garbage-first heap   total 61440K, used 12345K [0x00000000c4000000, 0x0000000100000000)
  region size 1024K, 2 young (2048K), 2 survivors (2048K)
 Metaspace       used 23952K, capacity 24560K, committed 24704K, reserved 1071104K
  class space    used 2658K, capacity 2884K, committed 2944K, reserved 1048576K
}
Event: 5.385 GC heap before
{Heap before GC invocations=8 (full 0):
 garbage-first heap   total 61440K, used 34873K [0x00000000c4000000, 0x0000000100000000)
  region size 1024K, 24 young (24576K), 2 survivors (2048K)
 Metaspace       used 24464K, capacity 25104K, committed 25344K, reserved 1071104K
  class space    used 2697K, capacity 2960K, committed 3072K, reserved 1048576K
}
Event: 5.388 GC heap after
{Heap after GC invocations=9 (full 0):
 garbage-first heap   total 61440K, used 13329K [0x00000000c4000000, 0x0000000100000000)
  region size 1024K, 2 young (2048K), 2 survivors (2048K)
 Metaspace       used 24464K, capacity 25104K, committed 25344K, reserved 1071104K
  class space    used 2697K, capacity 2960K, committed 3072K, reserved 1048576K
}
Event: 5.961 GC heap before
{Heap before GC invocations=9 (full 0):
 garbage-first heap   total 61440K, used 35857K [0x00000000c4000000, 0x0000000100000000)
  region size 1024K, 24 young (24576K), 2 survivors (2048K)
 Metaspace       used 26283K, capacity 26930K, committed 27008K, reserved 1073152K
  class space    used 2911K, capacity 3184K, committed 3200K, reserved 1048576K
}
Event: 5.965 GC heap after
{Heap after GC invocations=10 (full 0):
 garbage-first heap   total 61440K, used 14111K [0x00000000c4000000, 0x0000000100000000)
  region size 1024K, 2 young (2048K), 2 survivors (2048K)
 Metaspace       used 26283K, capacity 26930K, committed 27008K, reserved 1073152K
  class space    used 2911K, capacity 3184K, committed 3200K, reserved 1048576K
}

Deoptimization events (10 events):
Event: 5.230 Thread 0x00000193fc626800 Uncommon trap: reason=unstable_if action=reinterpret pc=0x000001938f1671d0 method=org.springframework.asm.ClassReader.readUtf(II[C)Ljava/lang/String; @ 41 c2
Event: 5.517 Thread 0x00000193fc626800 Uncommon trap: reason=intrinsic_or_type_checked_inlining action=make_not_entrant pc=0x000001938f1acc7c method=java.util.ArrayList.toArray([Ljava/lang/Object;)[Ljava/lang/Object; @ 36 c2
Event: 5.615 Thread 0x00000193fc626800 Uncommon trap: reason=bimorphic_or_optimized_type_check action=maybe_recompile pc=0x000001938f149ee8 method=java.util.HashMap.putVal(ILjava/lang/Object;Ljava/lang/Object;ZZ)Ljava/lang/Object; @ 203 c2
Event: 6.084 Thread 0x00000193fc626800 Uncommon trap: reason=class_check action=make_not_entrant pc=0x000001938f1da45c method=java.util.ArrayList.toArray([Ljava/lang/Object;)[Ljava/lang/Object; @ 21 c2
Event: 6.492 Thread 0x00000193fc626800 Uncommon trap: reason=class_check action=maybe_recompile pc=0x000001938f0bc75c method=java.lang.String.equals(Ljava/lang/Object;)Z @ 8 c2
Event: 6.492 Thread 0x00000193fc626800 Uncommon trap: reason=class_check action=maybe_recompile pc=0x000001938f0bc75c method=java.lang.String.equals(Ljava/lang/Object;)Z @ 8 c2
Event: 6.492 Thread 0x00000193fc626800 Uncommon trap: reason=class_check action=maybe_recompile pc=0x000001938f0bc75c method=java.lang.String.equals(Ljava/lang/Object;)Z @ 8 c2
Event: 6.493 Thread 0x00000193fc626800 Uncommon trap: reason=class_check action=maybe_recompile pc=0x000001938f1e03d4 method=java.lang.String.equals(Ljava/lang/Object;)Z @ 8 c2
Event: 6.493 Thread 0x00000193fc626800 Uncommon trap: reason=unstable_if action=reinterpret pc=0x000001938f1c27dc method=org.springframework.core.annotation.MergedAnnotationsCollection.isMappingForType(Lorg/springframework/core/annotation/AnnotationTypeMapping;Ljava/lang/Object;)Z @ 13 c2
Event: 6.494 Thread 0x00000193fc626800 Uncommon trap: reason=class_check action=maybe_recompile pc=0x000001938f0bc75c method=java.lang.String.equals(Ljava/lang/Object;)Z @ 8 c2

Classes redefined (0 events):
No events

Internal exceptions (10 events):
Event: 3.917 Thread 0x00000193fc626800 Exception <a 'java/lang/ClassNotFoundException'{0x00000000c70498b8}: org/springframework/beans/factory/AwareCustomizer> (0x00000000c70498b8) thrown at [./open/src/hotspot/share/classfile/systemDictionary.cpp, line 226]
Event: 3.967 Thread 0x000001939966a800 Exception <a 'java/lang/NoSuchMethodError'{0x00000000c6c38a70}: java.lang.invoke.DirectMethodHandle$Holder.invokeSpecial(Ljava/lang/Object;Ljava/lang/Object;)J> (0x00000000c6c38a70) thrown at [./open/src/hotspot/share/interpreter/linkResolver.cpp, line 77
Event: 3.969 Thread 0x000001939966a800 Exception <a 'java/lang/NoSuchMethodError'{0x00000000c6c433c0}: java.lang.invoke.DirectMethodHandle$Holder.invokeStatic(Ljava/lang/Object;Ljava/lang/Object;)J> (0x00000000c6c433c0) thrown at [./open/src/hotspot/share/interpreter/linkResolver.cpp, line 772
Event: 3.969 Thread 0x000001939966a800 Exception <a 'java/lang/NoSuchMethodError'{0x00000000c6c461e8}: java.lang.invoke.DirectMethodHandle$Holder.invokeStaticInit(Ljava/lang/Object;Ljava/lang/Object;)J> (0x00000000c6c461e8) thrown at [./open/src/hotspot/share/interpreter/linkResolver.cpp, line
Event: 3.972 Thread 0x000001939966a800 Exception <a 'java/lang/NoSuchMethodError'{0x00000000c6c526a8}: java.lang.invoke.DirectMethodHandle$Holder.invokeInterface(Ljava/lang/Object;Ljava/lang/Object;)J> (0x00000000c6c526a8) thrown at [./open/src/hotspot/share/interpreter/linkResolver.cpp, line 
Event: 3.972 Thread 0x000001939966a800 Exception <a 'java/lang/IncompatibleClassChangeError'{0x00000000c6c55440}: Found class java.lang.Object, but interface was expected> (0x00000000c6c55440) thrown at [./open/src/hotspot/share/interpreter/linkResolver.cpp, line 838]
Event: 3.988 Thread 0x000001939966a800 Exception <a 'java/lang/NoSuchMethodError'{0x00000000c6ce4390}: java.lang.invoke.DirectMethodHandle$Holder.invokeVirtual(Ljava/lang/Object;Ljava/lang/Object;Ljava/lang/Object;Ljava/lang/Object;)Ljava/lang/Object;> (0x00000000c6ce4390) thrown at [./open/sr
Event: 4.862 Thread 0x00000193fc626800 Exception <a 'java/lang/NoSuchMethodError'{0x00000000c71c9d78}: java.lang.invoke.DirectMethodHandle$Holder.invokeInterface(Ljava/lang/Object;Ljava/lang/Object;Ljava/lang/Object;Ljava/lang/Object;)V> (0x00000000c71c9d78) thrown at [./open/src/hotspot/share
Event: 5.326 Thread 0x00000193fc626800 Exception <a 'java/lang/NoSuchMethodError'{0x00000000c6963ca0}: java.lang.invoke.DirectMethodHandle$Holder.invokeSpecialIFC(Ljava/lang/Object;Ljava/lang/Object;Ljava/lang/Object;Ljava/lang/Object;)I> (0x00000000c6963ca0) thrown at [./open/src/hotspot/shar
Event: 5.454 Thread 0x00000193fc626800 Exception <a 'java/lang/IncompatibleClassChangeError'{0x00000000c776db60}: Found class java.lang.Object, but interface was expected> (0x00000000c776db60) thrown at [./open/src/hotspot/share/interpreter/linkResolver.cpp, line 838]

Events (10 events):
Event: 6.687 loading class org/springframework/security/context/DelegatingApplicationListener
Event: 6.687 loading class org/springframework/security/context/DelegatingApplicationListener done
Event: 6.687 loading class org/springframework/security/web/SecurityFilterChain
Event: 6.687 loading class org/springframework/security/web/SecurityFilterChain done
Event: 6.688 loading class org/springframework/security/access/expression/SecurityExpressionHandler
Event: 6.688 loading class org/springframework/security/access/expression/SecurityExpressionHandler done
Event: 6.688 loading class org/springframework/security/config/annotation/web/configuration/AutowiredWebSecurityConfigurersIgnoreParents
Event: 6.688 loading class org/springframework/security/config/annotation/web/configuration/AutowiredWebSecurityConfigurersIgnoreParents done
Event: 6.692 loading class org/springframework/security/web/FilterInvocation
Event: 6.692 loading class org/springframework/security/web/FilterInvocation done


Dynamic libraries:
0x00007ff7a80b0000 - 0x00007ff7a80bf000 	C:\Program Files\Java\jdk-11.0.17\bin\java.exe
0x00007ffe145f0000 - 0x00007ffe14807000 	C:\WINDOWS\SYSTEM32\ntdll.dll
0x00007ffe13850000 - 0x00007ffe13914000 	C:\WINDOWS\System32\KERNEL32.DLL
0x00007ffe11cb0000 - 0x00007ffe12056000 	C:\WINDOWS\System32\KERNELBASE.dll
0x00007ffe12220000 - 0x00007ffe12331000 	C:\WINDOWS\System32\ucrtbase.dll
0x00007ffe06c80000 - 0x00007ffe06c98000 	C:\Program Files\Java\jdk-11.0.17\bin\jli.dll
0x00007ffdfdf30000 - 0x00007ffdfdf45000 	C:\Program Files\Java\jdk-11.0.17\bin\VCRUNTIME140.dll
0x00007ffe143f0000 - 0x00007ffe144a3000 	C:\WINDOWS\System32\ADVAPI32.dll
0x00007ffe12b60000 - 0x00007ffe12c07000 	C:\WINDOWS\System32\msvcrt.dll
0x00007ffe12530000 - 0x00007ffe125d8000 	C:\WINDOWS\System32\sechost.dll
0x00007ffe119b0000 - 0x00007ffe119d8000 	C:\WINDOWS\System32\bcrypt.dll
0x00007ffe14250000 - 0x00007ffe14367000 	C:\WINDOWS\System32\RPCRT4.dll
0x00007ffe13930000 - 0x00007ffe13ade000 	C:\WINDOWS\System32\USER32.dll
0x00007ffe12060000 - 0x00007ffe12086000 	C:\WINDOWS\System32\win32u.dll
0x00007ffe12db0000 - 0x00007ffe12dd9000 	C:\WINDOWS\System32\GDI32.dll
0x00007ffe12100000 - 0x00007ffe12218000 	C:\WINDOWS\System32\gdi32full.dll
0x00007ffdface0000 - 0x00007ffdfaf73000 	C:\WINDOWS\WinSxS\amd64_microsoft.windows.common-controls_6595b64144ccf1df_6.0.22621.2506_none_270c5ae97388e100\COMCTL32.dll
0x00007ffe11b50000 - 0x00007ffe11bea000 	C:\WINDOWS\System32\msvcp_win.dll
0x00007ffe0b720000 - 0x00007ffe0b72a000 	C:\WINDOWS\SYSTEM32\VERSION.dll
0x00007ffe13b50000 - 0x00007ffe13b81000 	C:\WINDOWS\System32\IMM32.DLL
0x00007ffdc3860000 - 0x00007ffdc38fb000 	C:\Program Files\Java\jdk-11.0.17\bin\msvcp140.dll
0x00007ffd96a30000 - 0x00007ffd9754a000 	C:\Program Files\Java\jdk-11.0.17\bin\server\jvm.dll
0x00007ffe12520000 - 0x00007ffe12528000 	C:\WINDOWS\System32\PSAPI.DLL
0x00007ffe0b7d0000 - 0x00007ffe0b804000 	C:\WINDOWS\SYSTEM32\WINMM.dll
0x00007ffdf5480000 - 0x00007ffdf5489000 	C:\WINDOWS\SYSTEM32\WSOCK32.dll
0x00007ffe137d0000 - 0x00007ffe13841000 	C:\WINDOWS\System32\WS2_32.dll
0x00007ffe10960000 - 0x00007ffe10978000 	C:\WINDOWS\SYSTEM32\kernel.appcore.dll
0x00007ffe0b770000 - 0x00007ffe0b780000 	C:\Program Files\Java\jdk-11.0.17\bin\verify.dll
0x00007ffe0f1b0000 - 0x00007ffe0f3e3000 	C:\WINDOWS\SYSTEM32\DBGHELP.DLL
0x00007ffe13ce0000 - 0x00007ffe14069000 	C:\WINDOWS\System32\combase.dll
0x00007ffe136f0000 - 0x00007ffe137c7000 	C:\WINDOWS\System32\OLEAUT32.dll
0x00007ffe0ab30000 - 0x00007ffe0ab62000 	C:\WINDOWS\SYSTEM32\dbgcore.DLL
0x00007ffe11930000 - 0x00007ffe119aa000 	C:\WINDOWS\System32\bcryptPrimitives.dll
0x00007ffdec190000 - 0x00007ffdec1b8000 	C:\Program Files\Java\jdk-11.0.17\bin\java.dll
0x00007ffe09b00000 - 0x00007ffe09b0a000 	C:\Program Files\Java\jdk-11.0.17\bin\jimage.dll
0x00007ffe0b930000 - 0x00007ffe0b93e000 	C:\Program Files\Java\jdk-11.0.17\bin\instrument.dll
0x00007ffdf5680000 - 0x00007ffdf5696000 	C:\Program Files\Java\jdk-11.0.17\bin\zip.dll
0x00007ffe12de0000 - 0x00007ffe1363a000 	C:\WINDOWS\System32\SHELL32.dll
0x00007ffe0f880000 - 0x00007ffe10176000 	C:\WINDOWS\SYSTEM32\windows.storage.dll
0x00007ffe0f740000 - 0x00007ffe0f87e000 	C:\WINDOWS\SYSTEM32\wintypes.dll
0x00007ffe144b0000 - 0x00007ffe145a3000 	C:\WINDOWS\System32\SHCORE.dll
0x00007ffe13ae0000 - 0x00007ffe13b3e000 	C:\WINDOWS\System32\shlwapi.dll
0x00007ffe11860000 - 0x00007ffe11886000 	C:\WINDOWS\SYSTEM32\profapi.dll
0x00007ffdeeae0000 - 0x00007ffdeeaf9000 	C:\Program Files\Java\jdk-11.0.17\bin\net.dll
0x00007ffe0bd60000 - 0x00007ffe0be97000 	C:\WINDOWS\SYSTEM32\WINHTTP.dll
0x00007ffe10de0000 - 0x00007ffe10e49000 	C:\WINDOWS\system32\mswsock.dll
0x00007ffdec170000 - 0x00007ffdec182000 	C:\Program Files\Java\jdk-11.0.17\bin\nio.dll
0x00007ffdeea30000 - 0x00007ffdeea4a000 	C:\Users\USER\Desktop\IntelliJ IDEA Community Edition 2022.2.3\bin\breakgen64.dll
0x00007ffe0ada0000 - 0x00007ffe0ada9000 	C:\Program Files\Java\jdk-11.0.17\bin\management.dll
0x00007ffe09ef0000 - 0x00007ffe09efb000 	C:\Program Files\Java\jdk-11.0.17\bin\management_ext.dll
0x00007ffdf3dd0000 - 0x00007ffdf3de7000 	C:\WINDOWS\system32\napinsp.dll
0x00007ffdf3db0000 - 0x00007ffdf3dcb000 	C:\WINDOWS\system32\pnrpnsp.dll
0x00007ffe10450000 - 0x00007ffe10549000 	C:\WINDOWS\SYSTEM32\DNSAPI.dll
0x00007ffe10420000 - 0x00007ffe1044d000 	C:\WINDOWS\SYSTEM32\IPHLPAPI.DLL
0x00007ffe14190000 - 0x00007ffe14199000 	C:\WINDOWS\System32\NSI.dll
0x00007ffdf3d00000 - 0x00007ffdf3d11000 	C:\WINDOWS\System32\winrnr.dll
0x00007ffdf3ce0000 - 0x00007ffdf3cf5000 	C:\WINDOWS\system32\wshbth.dll
0x00007ffdf3c90000 - 0x00007ffdf3cb1000 	C:\WINDOWS\system32\nlansp_c.dll
0x00007ffe082a0000 - 0x00007ffe082aa000 	C:\Windows\System32\rasadhlp.dll
0x00007ffe0b1f0000 - 0x00007ffe0b273000 	C:\WINDOWS\System32\fwpuclnt.dll

dbghelp: loaded successfully - version: 4.0.5 - missing functions: none
symbol engine: initialized successfully - sym options: 0x614 - pdb path: .;C:\Program Files\Java\jdk-11.0.17\bin;C:\WINDOWS\SYSTEM32;C:\WINDOWS\WinSxS\amd64_microsoft.windows.common-controls_6595b64144ccf1df_6.0.22621.2506_none_270c5ae97388e100;C:\Program Files\Java\jdk-11.0.17\bin\server;C:\Users\USER\Desktop\IntelliJ IDEA Community Edition 2022.2.3\bin

VM Arguments:
jvm_args: -javaagent:C:\Users\USER\Desktop\IntelliJ IDEA Community Edition 2022.2.3\lib\idea_rt.jar=53183:C:\Users\USER\Desktop\IntelliJ IDEA Community Edition 2022.2.3\bin -Dfile.encoding=UTF-8 
java_command: com.Binusa.BawasluServer.BawasluApplication
java_class_path (initial): C:\Users\USER\Desktop\kelasbootcamp\bawaslu\Bawaslu-Server\target\classes;C:\Users\USER\.m2\repository\org\springframework\boot\spring-boot-starter-web\2.4.0\spring-boot-starter-web-2.4.0.jar;C:\Users\USER\.m2\repository\org\springframework\boot\spring-boot-starter\2.4.0\spring-boot-starter-2.4.0.jar;C:\Users\USER\.m2\repository\org\springframework\boot\spring-boot\2.4.0\spring-boot-2.4.0.jar;C:\Users\USER\.m2\repository\org\springframework\boot\spring-boot-autoconfigure\2.4.0\spring-boot-autoconfigure-2.4.0.jar;C:\Users\USER\.m2\repository\org\springframework\boot\spring-boot-starter-logging\2.4.0\spring-boot-starter-logging-2.4.0.jar;C:\Users\USER\.m2\repository\ch\qos\logback\logback-classic\1.2.3\logback-classic-1.2.3.jar;C:\Users\USER\.m2\repository\ch\qos\logback\logback-core\1.2.3\logback-core-1.2.3.jar;C:\Users\USER\.m2\repository\org\apache\logging\log4j\log4j-to-slf4j\2.13.3\log4j-to-slf4j-2.13.3.jar;C:\Users\USER\.m2\repository\org\apache\logging\log4j\log4j-api\2.13.3\log4j-api-2.13.3.jar;C:\Users\USER\.m2\repository\org\slf4j\jul-to-slf4j\1.7.30\jul-to-slf4j-1.7.30.jar;C:\Users\USER\.m2\repository\jakarta\annotation\jakarta.annotation-api\1.3.5\jakarta.annotation-api-1.3.5.jar;C:\Users\USER\.m2\repository\org\yaml\snakeyaml\1.27\snakeyaml-1.27.jar;C:\Users\USER\.m2\repository\org\springframework\boot\spring-boot-starter-json\2.4.0\spring-boot-starter-json-2.4.0.jar;C:\Users\USER\.m2\repository\com\fasterxml\jackson\datatype\jackson-datatype-jdk8\2.11.3\jackson-datatype-jdk8-2.11.3.jar;C:\Users\USER\.m2\repository\com\fasterxml\jackson\datatype\jackson-datatype-jsr310\2.11.3\jackson-datatype-jsr310-2.11.3.jar;C:\Users\USER\.m2\repository\com\fasterxml\jackson\module\jackson-module-parameter-names\2.11.3\jackson-module-parameter-names-2.11.3.jar;C:\Users\USER\.m2\repository\org\springframework\boot\spring-boot-starter-tomcat\2.4.0\spring-boot-starter-tomcat-2.4.0.jar;C:\Users\USER\.m2\repository\org\apache\tomcat\embed\tomcat-
Launcher Type: SUN_STANDARD

[Global flags]
     intx CICompilerCount                          = 3                                         {product} {ergonomic}
     uint ConcGCThreads                            = 1                                         {product} {ergonomic}
     uint G1ConcRefinementThreads                  = 4                                         {product} {ergonomic}
   size_t G1HeapRegionSize                         = 1048576                                   {product} {ergonomic}
    uintx GCDrainStackTargetSize                   = 64                                        {product} {ergonomic}
   size_t InitialHeapSize                          = 62914560                                  {product} {ergonomic}
   size_t MarkStackSize                            = 4194304                                   {product} {ergonomic}
   size_t MaxHeapSize                              = 1006632960                                {product} {ergonomic}
   size_t MaxNewSize                               = 603979776                                 {product} {ergonomic}
   size_t MinHeapDeltaBytes                        = 1048576                                   {product} {ergonomic}
    uintx NonNMethodCodeHeapSize                   = 5830732                                {pd product} {ergonomic}
    uintx NonProfiledCodeHeapSize                  = 122913754                              {pd product} {ergonomic}
    uintx ProfiledCodeHeapSize                     = 122913754                              {pd product} {ergonomic}
    uintx ReservedCodeCacheSize                    = 251658240                              {pd product} {ergonomic}
     bool SegmentedCodeCache                       = true                                      {product} {ergonomic}
     bool UseCompressedClassPointers               = true                                 {lp64_product} {ergonomic}
     bool UseCompressedOops                        = true                                 {lp64_product} {ergonomic}
     bool UseG1GC                                  = true                                      {product} {ergonomic}
     bool UseLargePagesIndividualAllocation        = false                                  {pd product} {ergonomic}

Logging:
Log output configuration:
 #0: stdout all=warning uptime,level,tags
 #1: stderr all=off uptime,level,tags

Environment Variables:
JAVA_HOME=C:\Program Files\Java\jdk-11.0.15
PATH=C:\Users\USER\AppData\Local\Programs\Python\Python38\;C:\Users\USER\AppData\Local\Programs\Python\Python38\Scripts\;C:\Program Files\Python311\Scripts\;C:\Program Files\Python311\;C:\Program Files (x86)\Common Files\Oracle\Java\javapath;C:\Program Files\Java\jdk-11.0.17\bin;C:\WINDOWS\system32;C:\WINDOWS;C:\WINDOWS\System32\Wbem;C:\WINDOWS\System32\WindowsPowerShell\v1.0\;C:\WINDOWS\System32\OpenSSH\;C:\Program Files\Java\jdk-11.0.15\bin;C:\Program Files\Java\jre1.8.0_351\bin;C:\Program Files\Java\jre1.8.0_351bin;C:\Program Files\Git\cmd;C:\ProgramData\ComposerSetup\bin;C:\Program Files\Go\bin;C:\Program Files\Python310\python.exe;C:\Program Files\nodejs16\node_modules\npm;C:\Program Files\nodejs16\;C:\Program Files\apache-maven-3.9.6\bin;C:\Program Files\Python310\;%driverDB%;C:\Users\USER\AppData\Local\Programs\Python\Python38\Scripts\;C:\Users\USER\AppData\Local\Programs\Python\Python38\;C:\Users\USER\AppData\Local\Programs\Python\Launcher\;C:\Users\USER\AppData\Local\Microsoft\WindowsApps;C:\Users\USER\AppData\Local\Programs\Microsoft VS Code\bin;C:\Users\USER\AppData\Roaming\Composer\vendor\bin;C:\Users\USER\go\bin;C:\Program Files\Python310;C:\Program Files\Python310\python.exe;C:\python2\;C:\Program Files\nodejs16;C:\Program Files\nodejs16\node_modules\npm;C:\Users\USER\AppData\Roaming\npm;
USERNAME=USER
OS=Windows_NT
PROCESSOR_IDENTIFIER=Intel64 Family 6 Model 126 Stepping 5, GenuineIntel



---------------  S Y S T E M  ---------------

OS: Windows 11 , 64 bit Build 22621 (10.0.22621.2506)

CPU:total 4 (initial active 4) (2 cores per cpu, 2 threads per core) family 6 model 126 stepping 5 microcode 0xa6, cmov, cx8, fxsr, mmx, sse, sse2, sse3, ssse3, sse4.1, sse4.2, popcnt, avx, avx2, aes, clmul, erms, 3dnowpref, lzcnt, ht, tsc, tscinvbit, bmi1, bmi2, adx, evex, sha, fma

Memory: 4k page, system-wide physical 3836M (124M free)
TotalPageFile size 15612M (AvailPageFile size 4M)
current process WorkingSet (physical memory assigned to process): 137M, peak: 138M
current process commit charge ("private bytes"): 194M, peak: 196M

vm_info: Java HotSpot(TM) 64-Bit Server VM (11.0.17+10-LTS-269) for windows-amd64 JRE (11.0.17+10-LTS-269), built on Sep 13 2022 19:26:37 by "mach5one" with MS VC++ 15.9 (VS2017)

END.
